<?xml version="1.0" encoding="UTF-8"?>
<!-- Generated by org.testng.reporters.JUnitReportReporter -->
<testsuite hostname="DESKTOP-5GC3SMB" failures="0" tests="1" name="selenium.test" time="0.017" errors="0" timestamp="2022-03-27T12:25:09 IST" skipped="0">
  <testcase classname="selenium.test" name="m1" time="0.017"/>
  <system-out/>
</testsuite> <!-- selenium.test -->
